2021-01-12 22:36:00,188 - The program was run.
2021-01-12 22:36:00,189 Updation chosen.

2021-01-12 22:45:45,963 - The program was run.
2021-01-12 22:45:45,963 Updation chosen.

2021-04-07 13:07:38,176 - The program was run.
2021-04-07 13:07:38,216 - 380683876523 was the number queried.
2021-04-07 13:07:38,227 - Site 7 - https://sms-receive.net/ is where 380683876523 was found.

2021-05-19 17:20:48,892 - The program was run.
2021-05-19 17:20:48,929 Updation chosen.

2021-05-19 17:21:39,550 - The program was run.
2021-05-19 17:21:39,550 Updation chosen.

2021-05-19 17:22:16,130 - The program was run.
2021-05-19 17:22:16,145 - 380683876523 was the number queried.
2021-05-19 17:22:16,146 - Site 7 - https://sms-receive.net/ is where 380683876523 was found.

2021-05-19 17:23:35,152 - The program was run.
2021-05-19 17:23:35,153 - 12092659039 was the number queried.
2021-05-19 17:23:35,161 - Site 10 - https://receive-sms.com/ is where 12092659039 was found.

2021-08-13 13:10:28,249 - The program was run.
2021-08-13 13:10:28,269 - 12092659039 was the number queried.
2021-08-13 13:10:28,363 - Site 10 - https://receive-sms.com/ is where 12092659039 was found.

2021-08-13 15:15:24,366 - The program was run.
2021-08-13 15:15:24,366 - 447562459427 was the number queried.
2021-08-13 15:15:24,370 - Site 6 - http://7sim.net/ is where 447562459427 was found.

2021-08-13 15:27:34,774 - The program was run.
2021-08-13 15:27:34,774 - 447562459427 was the number queried.
2021-08-13 15:27:34,777 - Site 6 - http://7sim.net/ is where 447562459427 was found.

2021-08-13 15:28:00,026 - The program was run.
2021-08-13 15:28:00,026 - 447562459427 was the number queried.
2021-08-13 15:28:00,029 - Site 6 - http://7sim.net/ is where 447562459427 was found.

2021-08-17 06:45:47,900 - The program was run.
2021-08-17 06:45:47,901 - 447562459427 was the number queried.
2021-08-17 06:45:47,904 - Site 6 - http://7sim.net/ is where 447562459427 was found.

